10:09:13: Creating resource group General
10:09:13: Creating resource group Internal
10:09:13: Creating resource group Autodetect
10:09:13: SceneManagerFactory for type 'DefaultSceneManager' registered.
10:09:13: Registering ResourceManager for type Material
10:09:13: Registering ResourceManager for type Mesh
10:09:13: Registering ResourceManager for type Skeleton
10:09:13: MovableObjectFactory for type 'ParticleSystem' registered.
10:09:13: OverlayElementFactory for type Panel registered.
10:09:13: OverlayElementFactory for type BorderPanel registered.
10:09:13: OverlayElementFactory for type TextArea registered.
10:09:13: Registering ResourceManager for type Font
10:09:13: ArchiveFactory for archive type FileSystem registered.
10:09:13: ArchiveFactory for archive type Zip registered.
10:09:13: ArchiveFactory for archive type EmbeddedZip registered.
10:09:13: DDS codec registering
10:09:13: FreeImage version: 3.13.1
10:09:13: This program uses FreeImage, a free, open source image library supporting all common bitmap formats. See http://freeimage.sourceforge.net for details
10:09:13: Supported formats: bmp,ico,jpg,jif,jpeg,jpe,jng,koa,iff,lbm,mng,pbm,pbm,pcd,pcx,pgm,pgm,png,ppm,ppm,ras,tga,targa,tif,tiff,wap,wbmp,wbm,psd,cut,xbm,xpm,gif,hdr,g3,sgi,exr,j2k,j2c,jp2,pfm,pct,pict,pic,bay,bmq,cr2,crw,cs1,dc2,dcr,dng,erf,fff,hdr,k25,kdc,mdc,mos,mrw,nef,orf,pef,pxn,raf,raw,rdc,sr2,srf,arw,3fr,cine,ia,kc2,mef,nrw,qtk,rw2,sti,drf,dsc,ptx,cap,iiq,rwz
10:09:13: Registering ResourceManager for type HighLevelGpuProgram
10:09:13: Registering ResourceManager for type Compositor
10:09:13: MovableObjectFactory for type 'Entity' registered.
10:09:13: MovableObjectFactory for type 'Light' registered.
10:09:13: MovableObjectFactory for type 'BillboardSet' registered.
10:09:13: MovableObjectFactory for type 'ManualObject' registered.
10:09:13: MovableObjectFactory for type 'BillboardChain' registered.
10:09:13: MovableObjectFactory for type 'RibbonTrail' registered.
10:09:13: OGRE EXCEPTION(6:FileNotFoundException): '/home/stagiaire/Documents/DGtalViewer/DGtalViewer/Requirementsplugins.cfg' file not found! in ConfigFile::load at /home/stagiaire/Téléchargements/ogre_src_v1-8-0/OgreMain/src/OgreConfigFile.cpp (line 88)
10:09:13: /home/stagiaire/Documents/DGtalViewer/DGtalViewer/Requirementsplugins.cfg not found, automatic plugin loading disabled.
10:09:13: *-*-* OGRE Initialising
10:09:13: *-*-* Version 1.8.0 (Byatis)
10:09:13: OGRE EXCEPTION(6:FileNotFoundException): '/home/stagiaire/Documents/DGtalViewer/DGtalViewer/Requirementsresources.cfg' file not found! in ConfigFile::load at /home/stagiaire/Téléchargements/ogre_src_v1-8-0/OgreMain/src/OgreConfigFile.cpp (line 88)
