The system is: Darwin - 12.4.0 - i386
Compiling the C compiler identification source file "CMakeCCompilerId.c" succeeded.
Compiler:  
Build flags: 
Id flags: 

The output was:
0
=== BUILD NATIVE TARGET CompilerIdC OF PROJECT CompilerIdC WITH THE DEFAULT CONFIGURATION (Debug) ===
Check dependencies

CompileC ./CompilerIdC.build/Debug/CompilerIdC.build/Objects-normal/i386/CMakeCCompilerId.o CMakeCCompilerId.c normal i386 c com.apple.compilers.llvm.clang.1_0.compiler
    cd /Users/davidcoeurjolly/Sources/DGtal/build-xcode/CMakeFiles/2.8.11.2/CompilerIdC
    setenv LANG en_US.US-ASCII
    /Applications/Xcode.app/Contents/Developer/Toolchains/XcodeDefault.xctoolchain/usr/bin/clang -x c -arch i386 -fmessage-length=0 -Wno-trigraphs -fpascal-strings -Os -Wno-missing-field-initializers -Wno-missing-prototypes -Wno-return-type -Wformat -Wno-missing-braces -Wparentheses -Wswitch -Wno-unused-function -Wno-unused-label -Wno-unused-parameter -Wno-unused-variable -Wunused-value -Wno-empty-body -Wno-uninitialized -Wno-unknown-pragmas -Wno-shadow -Wno-four-char-constants -Wno-conversion -Wno-constant-conversion -Wno-int-conversion -Wno-enum-conversion -Wno-shorten-64-to-32 -Wpointer-sign -Wno-newline-eof -fasm-blocks -fstrict-aliasing -Wdeprecated-declarations -g -fvisibility=hidden -Wno-sign-conversion -I/Users/davidcoeurjolly/Sources/DGtal/build-xcode/CMakeFiles/2.8.11.2/CompilerIdC/./CompilerIdC.build/Debug/CompilerIdC.build/CompilerIdC.hmap -I/Users/davidcoeurjolly/Sources/DGtal/build-xcode/CMakeFiles/2.8.11.2/CompilerIdC/include -I/Applications/Xcode.app/Contents/Developer/Toolchains/XcodeDefault.xctoolchain/usr/include -I/Applications/Xcode.app/Contents/Developer/Toolchains/XcodeDefault.xctoolchain/usr/include -I/Applications/Xcode.app/Contents/Developer/Toolchains/XcodeDefault.xctoolchain/usr/include -I/Users/davidcoeurjolly/Sources/DGtal/build-xcode/CMakeFiles/2.8.11.2/CompilerIdC/./CompilerIdC.build/Debug/CompilerIdC.build/DerivedSources/i386 -I/Users/davidcoeurjolly/Sources/DGtal/build-xcode/CMakeFiles/2.8.11.2/CompilerIdC/./CompilerIdC.build/Debug/CompilerIdC.build/DerivedSources -F/Users/davidcoeurjolly/Sources/DGtal/build-xcode/CMakeFiles/2.8.11.2/CompilerIdC -MMD -MT dependencies -MF /Users/davidcoeurjolly/Sources/DGtal/build-xcode/CMakeFiles/2.8.11.2/CompilerIdC/./CompilerIdC.build/Debug/CompilerIdC.build/Objects-normal/i386/CMakeCCompilerId.d --serialize-diagnostics /Users/davidcoeurjolly/Sources/DGtal/build-xcode/CMakeFiles/2.8.11.2/CompilerIdC/./CompilerIdC.build/Debug/CompilerIdC.build/Objects-normal/i386/CMakeCCompilerId.dia -c /Users/davidcoeurjolly/Sources/DGtal/build-xcode/CMakeFiles/2.8.11.2/CompilerIdC/CMakeCCompilerId.c -o /Users/davidcoeurjolly/Sources/DGtal/build-xcode/CMakeFiles/2.8.11.2/CompilerIdC/./CompilerIdC.build/Debug/CompilerIdC.build/Objects-normal/i386/CMakeCCompilerId.o

Ld ./CompilerIdC normal i386
    cd /Users/davidcoeurjolly/Sources/DGtal/build-xcode/CMakeFiles/2.8.11.2/CompilerIdC
    /Applications/Xcode.app/Contents/Developer/Toolchains/XcodeDefault.xctoolchain/usr/bin/clang -arch i386 -L/Users/davidcoeurjolly/Sources/DGtal/build-xcode/CMakeFiles/2.8.11.2/CompilerIdC -F/Users/davidcoeurjolly/Sources/DGtal/build-xcode/CMakeFiles/2.8.11.2/CompilerIdC -filelist /Users/davidcoeurjolly/Sources/DGtal/build-xcode/CMakeFiles/2.8.11.2/CompilerIdC/./CompilerIdC.build/Debug/CompilerIdC.build/Objects-normal/i386/CompilerIdC.LinkFileList -o /Users/davidcoeurjolly/Sources/DGtal/build-xcode/CMakeFiles/2.8.11.2/CompilerIdC/./CompilerIdC

PhaseScriptExecution "Run Script" ./CompilerIdC.build/Debug/CompilerIdC.build/Script-2C8FEB8E15DC1A1A00E56A5D.sh
    cd /Users/davidcoeurjolly/Sources/DGtal/build-xcode/CMakeFiles/2.8.11.2/CompilerIdC
    /bin/sh -c /Users/davidcoeurjolly/Sources/DGtal/build-xcode/CMakeFiles/2.8.11.2/CompilerIdC/./CompilerIdC.build/Debug/CompilerIdC.build/Script-2C8FEB8E15DC1A1A00E56A5D.sh
GCC_VERSION=com.apple.compilers.llvm.clang.1_0


** BUILD SUCCEEDED **



Compilation of the C compiler identification source "CMakeCCompilerId.c" produced "CompilerIdC"

The C compiler identification is Clang, found in "/Users/davidcoeurjolly/Sources/DGtal/build-xcode/CMakeFiles/2.8.11.2/CompilerIdC/CompilerIdC"

Compiling the CXX compiler identification source file "CMakeCXXCompilerId.cpp" succeeded.
Compiler:  
Build flags: 
Id flags: 

The output was:
0
=== BUILD NATIVE TARGET CompilerIdCXX OF PROJECT CompilerIdCXX WITH THE DEFAULT CONFIGURATION (Debug) ===
Check dependencies

CompileC ./CompilerIdCXX.build/Debug/CompilerIdCXX.build/Objects-normal/i386/CMakeCXXCompilerId.o CMakeCXXCompilerId.cpp normal i386 c++ com.apple.compilers.llvm.clang.1_0.compiler
    cd /Users/davidcoeurjolly/Sources/DGtal/build-xcode/CMakeFiles/2.8.11.2/CompilerIdCXX
    setenv LANG en_US.US-ASCII
    /Applications/Xcode.app/Contents/Developer/Toolchains/XcodeDefault.xctoolchain/usr/bin/clang -x c++ -arch i386 -fmessage-length=0 -Wno-trigraphs -fpascal-strings -Os -Wno-missing-field-initializers -Wno-missing-prototypes -Wno-return-type -Wno-non-virtual-dtor -Wno-overloaded-virtual -Wno-exit-time-destructors -Wformat -Wno-missing-braces -Wparentheses -Wswitch -Wno-unused-function -Wno-unused-label -Wno-unused-parameter -Wno-unused-variable -Wunused-value -Wno-empty-body -Wno-uninitialized -Wno-unknown-pragmas -Wno-shadow -Wno-four-char-constants -Wno-conversion -Wno-constant-conversion -Wno-int-conversion -Wno-enum-conversion -Wno-shorten-64-to-32 -Wno-newline-eof -Wno-c++11-extensions -fasm-blocks -fstrict-aliasing -Wdeprecated-declarations -Winvalid-offsetof -g -fvisibility=hidden -fvisibility-inlines-hidden -Wno-sign-conversion -I/Users/davidcoeurjolly/Sources/DGtal/build-xcode/CMakeFiles/2.8.11.2/CompilerIdCXX/./CompilerIdCXX.build/Debug/CompilerIdCXX.build/CompilerIdCXX.hmap -I/Users/davidcoeurjolly/Sources/DGtal/build-xcode/CMakeFiles/2.8.11.2/CompilerIdCXX/include -I/Applications/Xcode.app/Contents/Developer/Toolchains/XcodeDefault.xctoolchain/usr/include -I/Applications/Xcode.app/Contents/Developer/Toolchains/XcodeDefault.xctoolchain/usr/include -I/Applications/Xcode.app/Contents/Developer/Toolchains/XcodeDefault.xctoolchain/usr/include -I/Users/davidcoeurjolly/Sources/DGtal/build-xcode/CMakeFiles/2.8.11.2/CompilerIdCXX/./CompilerIdCXX.build/Debug/CompilerIdCXX.build/DerivedSources/i386 -I/Users/davidcoeurjolly/Sources/DGtal/build-xcode/CMakeFiles/2.8.11.2/CompilerIdCXX/./CompilerIdCXX.build/Debug/CompilerIdCXX.build/DerivedSources -F/Users/davidcoeurjolly/Sources/DGtal/build-xcode/CMakeFiles/2.8.11.2/CompilerIdCXX -MMD -MT dependencies -MF /Users/davidcoeurjolly/Sources/DGtal/build-xcode/CMakeFiles/2.8.11.2/CompilerIdCXX/./CompilerIdCXX.build/Debug/CompilerIdCXX.build/Objects-normal/i386/CMakeCXXCompilerId.d --serialize-diagnostics /Users/davidcoeurjolly/Sources/DGtal/build-xcode/CMakeFiles/2.8.11.2/CompilerIdCXX/./CompilerIdCXX.build/Debug/CompilerIdCXX.build/Objects-normal/i386/CMakeCXXCompilerId.dia -c /Users/davidcoeurjolly/Sources/DGtal/build-xcode/CMakeFiles/2.8.11.2/CompilerIdCXX/CMakeCXXCompilerId.cpp -o /Users/davidcoeurjolly/Sources/DGtal/build-xcode/CMakeFiles/2.8.11.2/CompilerIdCXX/./CompilerIdCXX.build/Debug/CompilerIdCXX.build/Objects-normal/i386/CMakeCXXCompilerId.o

Ld ./CompilerIdCXX normal i386
    cd /Users/davidcoeurjolly/Sources/DGtal/build-xcode/CMakeFiles/2.8.11.2/CompilerIdCXX
    /Applications/Xcode.app/Contents/Developer/Toolchains/XcodeDefault.xctoolchain/usr/bin/clang++ -arch i386 -L/Users/davidcoeurjolly/Sources/DGtal/build-xcode/CMakeFiles/2.8.11.2/CompilerIdCXX -F/Users/davidcoeurjolly/Sources/DGtal/build-xcode/CMakeFiles/2.8.11.2/CompilerIdCXX -filelist /Users/davidcoeurjolly/Sources/DGtal/build-xcode/CMakeFiles/2.8.11.2/CompilerIdCXX/./CompilerIdCXX.build/Debug/CompilerIdCXX.build/Objects-normal/i386/CompilerIdCXX.LinkFileList -o /Users/davidcoeurjolly/Sources/DGtal/build-xcode/CMakeFiles/2.8.11.2/CompilerIdCXX/./CompilerIdCXX

PhaseScriptExecution "Run Script" ./CompilerIdCXX.build/Debug/CompilerIdCXX.build/Script-2C8FEB8E15DC1A1A00E56A5D.sh
    cd /Users/davidcoeurjolly/Sources/DGtal/build-xcode/CMakeFiles/2.8.11.2/CompilerIdCXX
    /bin/sh -c /Users/davidcoeurjolly/Sources/DGtal/build-xcode/CMakeFiles/2.8.11.2/CompilerIdCXX/./CompilerIdCXX.build/Debug/CompilerIdCXX.build/Script-2C8FEB8E15DC1A1A00E56A5D.sh
GCC_VERSION=com.apple.compilers.llvm.clang.1_0


** BUILD SUCCEEDED **



Compilation of the CXX compiler identification source "CMakeCXXCompilerId.cpp" produced "CompilerIdCXX"

The CXX compiler identification is Clang, found in "/Users/davidcoeurjolly/Sources/DGtal/build-xcode/CMakeFiles/2.8.11.2/CompilerIdCXX/CompilerIdCXX"

Determining if the C compiler works passed with the following output:
Change Dir: /Users/davidcoeurjolly/Sources/DGtal/build-xcode/CMakeFiles/CMakeTmp

Run Build Command:/usr/local/Cellar/cmake/2.8.11/bin/cmakexbuild -project CMAKE_TRY_COMPILE.xcodeproj build -target cmTryCompileExec1815448095 -configuration Debug
=== BUILD NATIVE TARGET cmTryCompileExec1815448095 OF PROJECT CMAKE_TRY_COMPILE WITH CONFIGURATION Debug ===
Check dependencies

CompileC CMAKE_TRY_COMPILE.build/Debug/cmTryCompileExec1815448095.build/Objects-normal/x86_64/testCCompiler.o testCCompiler.c normal x86_64 c com.apple.compilers.llvm.clang.1_0.compiler
    cd /Users/davidcoeurjolly/Sources/DGtal/build-xcode/CMakeFiles/CMakeTmp
    /Applications/Xcode.app/Contents/Developer/Toolchains/XcodeDefault.xctoolchain/usr/bin/clang -x c -arch x86_64 -fmessage-length=0 -Wno-trigraphs -fpascal-strings -O0 -Wno-missing-field-initializers -Wno-missing-prototypes -Wno-return-type -Wformat -Wno-missing-braces -Wparentheses -Wswitch -Wno-unused-function -Wno-unused-label -Wno-unused-parameter -Wno-unused-variable -Wunused-value -Wno-empty-body -Wno-uninitialized -Wno-unknown-pragmas -Wno-shadow -Wno-four-char-constants -Wno-conversion -Wno-constant-conversion -Wno-int-conversion -Wno-enum-conversion -Wno-shorten-64-to-32 -Wpointer-sign -Wno-newline-eof "-DCMAKE_INTDIR=\"Debug\"" -isysroot /Applications/Xcode.app/Contents/Developer/Platforms/MacOSX.platform/Developer/SDKs/MacOSX10.8.sdk -fasm-blocks -fstrict-aliasing -Wdeprecated-declarations -mmacosx-version-min=10.8 -g -Wno-sign-conversion -I/Users/davidcoeurjolly/Sources/DGtal/build-xcode/CMakeFiles/CMakeTmp/Debug/include -I/Applications/Xcode.app/Contents/Developer/Toolchains/XcodeDefault.xctoolchain/usr/include -I/Applications/Xcode.app/Contents/Developer/Toolchains/XcodeDefault.xctoolchain/usr/include -I/Applications/Xcode.app/Contents/Developer/Toolchains/XcodeDefault.xctoolchain/usr/include -I/Users/davidcoeurjolly/Sources/DGtal/build-xcode/CMakeFiles/CMakeTmp/CMAKE_TRY_COMPILE.build/Debug/cmTryCompileExec1815448095.build/DerivedSources/x86_64 -I/Users/davidcoeurjolly/Sources/DGtal/build-xcode/CMakeFiles/CMakeTmp/CMAKE_TRY_COMPILE.build/Debug/cmTryCompileExec1815448095.build/DerivedSources -Wmost -Wno-four-char-constants -Wno-unknown-pragmas -F/Users/davidcoeurjolly/Sources/DGtal/build-xcode/CMakeFiles/CMakeTmp/Debug -MMD -MT dependencies -MF /Users/davidcoeurjolly/Sources/DGtal/build-xcode/CMakeFiles/CMakeTmp/CMAKE_TRY_COMPILE.build/Debug/cmTryCompileExec1815448095.build/Objects-normal/x86_64/testCCompiler.d --serialize-diagnostics /Users/davidcoeurjolly/Sources/DGtal/build-xcode/CMakeFiles/CMakeTmp/CMAKE_TRY_COMPILE.build/Debug/cmTryCompileExec1815448095.build/Objects-normal/x86_64/testCCompiler.dia -c /Users/davidcoeurjolly/Sources/DGtal/build-xcode/CMakeFiles/CMakeTmp/testCCompiler.c -o /Users/davidcoeurjolly/Sources/DGtal/build-xcode/CMakeFiles/CMakeTmp/CMAKE_TRY_COMPILE.build/Debug/cmTryCompileExec1815448095.build/Objects-normal/x86_64/testCCompiler.o

Ld Debug/cmTryCompileExec1815448095 normal x86_64
    cd /Users/davidcoeurjolly/Sources/DGtal/build-xcode/CMakeFiles/CMakeTmp
    /Applications/Xcode.app/Contents/Developer/Toolchains/XcodeDefault.xctoolchain/usr/bin/clang -arch x86_64 -isysroot /Applications/Xcode.app/Contents/Developer/Platforms/MacOSX.platform/Developer/SDKs/MacOSX10.8.sdk -L/Users/davidcoeurjolly/Sources/DGtal/build-xcode/CMakeFiles/CMakeTmp/Debug -F/Users/davidcoeurjolly/Sources/DGtal/build-xcode/CMakeFiles/CMakeTmp/Debug -filelist /Users/davidcoeurjolly/Sources/DGtal/build-xcode/CMakeFiles/CMakeTmp/CMAKE_TRY_COMPILE.build/Debug/cmTryCompileExec1815448095.build/Objects-normal/x86_64/cmTryCompileExec1815448095.LinkFileList -mmacosx-version-min=10.8 -Wl,-search_paths_first -Wl,-headerpad_max_install_names -o /Users/davidcoeurjolly/Sources/DGtal/build-xcode/CMakeFiles/CMakeTmp/Debug/cmTryCompileExec1815448095

PhaseScriptExecution "CMake PostBuild Rules" CMAKE_TRY_COMPILE.build/Debug/cmTryCompileExec1815448095.build/Script-ED112E9E293F4541801535C6.sh
    cd /Users/davidcoeurjolly/Sources/DGtal/build-xcode/CMakeFiles/CMakeTmp
    /bin/sh -c /Users/davidcoeurjolly/Sources/DGtal/build-xcode/CMakeFiles/CMakeTmp/CMAKE_TRY_COMPILE.build/Debug/cmTryCompileExec1815448095.build/Script-ED112E9E293F4541801535C6.sh
echo "Depend check for xcode"
Depend check for xcode
cd /Users/davidcoeurjolly/Sources/DGtal/build-xcode/CMakeFiles/CMakeTmp && make -C /Users/davidcoeurjolly/Sources/DGtal/build-xcode/CMakeFiles/CMakeTmp -f /Users/davidcoeurjolly/Sources/DGtal/build-xcode/CMakeFiles/CMakeTmp/CMakeScripts/XCODE_DEPEND_HELPER.make PostBuild.cmTryCompileExec1815448095.Debug
make[1]: Nothing to be done for `PostBuild.cmTryCompileExec1815448095.Debug'.


** BUILD SUCCEEDED **



Detecting C compiler ABI info compiled with the following output:
Change Dir: /Users/davidcoeurjolly/Sources/DGtal/build-xcode/CMakeFiles/CMakeTmp

Run Build Command:/usr/local/Cellar/cmake/2.8.11/bin/cmakexbuild -project CMAKE_TRY_COMPILE.xcodeproj build -target cmTryCompileExec3826826778 -configuration Debug
=== BUILD NATIVE TARGET cmTryCompileExec3826826778 OF PROJECT CMAKE_TRY_COMPILE WITH CONFIGURATION Debug ===
Check dependencies

CompileC CMAKE_TRY_COMPILE.build/Debug/cmTryCompileExec3826826778.build/Objects-normal/x86_64/CMakeCCompilerABI.o ../../../../../../../usr/local/Cellar/cmake/2.8.11.2/share/cmake/Modules/CMakeCCompilerABI.c normal x86_64 c com.apple.compilers.llvm.clang.1_0.compiler
    cd /Users/davidcoeurjolly/Sources/DGtal/build-xcode/CMakeFiles/CMakeTmp
    /Applications/Xcode.app/Contents/Developer/Toolchains/XcodeDefault.xctoolchain/usr/bin/clang -x c -arch x86_64 -fmessage-length=0 -Wno-trigraphs -fpascal-strings -O0 -Wno-missing-field-initializers -Wno-missing-prototypes -Wno-return-type -Wformat -Wno-missing-braces -Wparentheses -Wswitch -Wno-unused-function -Wno-unused-label -Wno-unused-parameter -Wno-unused-variable -Wunused-value -Wno-empty-body -Wno-uninitialized -Wno-unknown-pragmas -Wno-shadow -Wno-four-char-constants -Wno-conversion -Wno-constant-conversion -Wno-int-conversion -Wno-enum-conversion -Wno-shorten-64-to-32 -Wpointer-sign -Wno-newline-eof "-DCMAKE_INTDIR=\"Debug\"" -isysroot /Applications/Xcode.app/Contents/Developer/Platforms/MacOSX.platform/Developer/SDKs/MacOSX10.8.sdk -fasm-blocks -fstrict-aliasing -Wdeprecated-declarations -mmacosx-version-min=10.8 -g -Wno-sign-conversion -I/Users/davidcoeurjolly/Sources/DGtal/build-xcode/CMakeFiles/CMakeTmp/Debug/include -I/Applications/Xcode.app/Contents/Developer/Toolchains/XcodeDefault.xctoolchain/usr/include -I/Applications/Xcode.app/Contents/Developer/Toolchains/XcodeDefault.xctoolchain/usr/include -I/Applications/Xcode.app/Contents/Developer/Toolchains/XcodeDefault.xctoolchain/usr/include -I/Users/davidcoeurjolly/Sources/DGtal/build-xcode/CMakeFiles/CMakeTmp/CMAKE_TRY_COMPILE.build/Debug/cmTryCompileExec3826826778.build/DerivedSources/x86_64 -I/Users/davidcoeurjolly/Sources/DGtal/build-xcode/CMakeFiles/CMakeTmp/CMAKE_TRY_COMPILE.build/Debug/cmTryCompileExec3826826778.build/DerivedSources -Wmost -Wno-four-char-constants -Wno-unknown-pragmas -F/Users/davidcoeurjolly/Sources/DGtal/build-xcode/CMakeFiles/CMakeTmp/Debug -MMD -MT dependencies -MF /Users/davidcoeurjolly/Sources/DGtal/build-xcode/CMakeFiles/CMakeTmp/CMAKE_TRY_COMPILE.build/Debug/cmTryCompileExec3826826778.build/Objects-normal/x86_64/CMakeCCompilerABI.d --serialize-diagnostics /Users/davidcoeurjolly/Sources/DGtal/build-xcode/CMakeFiles/CMakeTmp/CMAKE_TRY_COMPILE.build/Debug/cmTryCompileExec3826826778.build/Objects-normal/x86_64/CMakeCCompilerABI.dia -c /Users/davidcoeurjolly/Sources/DGtal/build-xcode/CMakeFiles/CMakeTmp/../../../../../../../usr/local/Cellar/cmake/2.8.11.2/share/cmake/Modules/CMakeCCompilerABI.c -o /Users/davidcoeurjolly/Sources/DGtal/build-xcode/CMakeFiles/CMakeTmp/CMAKE_TRY_COMPILE.build/Debug/cmTryCompileExec3826826778.build/Objects-normal/x86_64/CMakeCCompilerABI.o

Ld Debug/cmTryCompileExec3826826778 normal x86_64
    cd /Users/davidcoeurjolly/Sources/DGtal/build-xcode/CMakeFiles/CMakeTmp
    /Applications/Xcode.app/Contents/Developer/Toolchains/XcodeDefault.xctoolchain/usr/bin/clang -arch x86_64 -isysroot /Applications/Xcode.app/Contents/Developer/Platforms/MacOSX.platform/Developer/SDKs/MacOSX10.8.sdk -L/Users/davidcoeurjolly/Sources/DGtal/build-xcode/CMakeFiles/CMakeTmp/Debug -F/Users/davidcoeurjolly/Sources/DGtal/build-xcode/CMakeFiles/CMakeTmp/Debug -filelist /Users/davidcoeurjolly/Sources/DGtal/build-xcode/CMakeFiles/CMakeTmp/CMAKE_TRY_COMPILE.build/Debug/cmTryCompileExec3826826778.build/Objects-normal/x86_64/cmTryCompileExec3826826778.LinkFileList -mmacosx-version-min=10.8 -v -Wl,-v -Wl,-search_paths_first -Wl,-headerpad_max_install_names -o /Users/davidcoeurjolly/Sources/DGtal/build-xcode/CMakeFiles/CMakeTmp/Debug/cmTryCompileExec3826826778
Apple LLVM version 4.2 (clang-425.0.28) (based on LLVM 3.2svn)
Target: x86_64-apple-darwin12.4.0
Thread model: posix
 "/Applications/Xcode.app/Contents/Developer/Toolchains/XcodeDefault.xctoolchain/usr/bin/ld" -demangle -dynamic -arch x86_64 -macosx_version_min 10.8.0 -syslibroot /Applications/Xcode.app/Contents/Developer/Platforms/MacOSX.platform/Developer/SDKs/MacOSX10.8.sdk -o /Users/davidcoeurjolly/Sources/DGtal/build-xcode/CMakeFiles/CMakeTmp/Debug/cmTryCompileExec3826826778 -L/Users/davidcoeurjolly/Sources/DGtal/build-xcode/CMakeFiles/CMakeTmp/Debug -filelist /Users/davidcoeurjolly/Sources/DGtal/build-xcode/CMakeFiles/CMakeTmp/CMAKE_TRY_COMPILE.build/Debug/cmTryCompileExec3826826778.build/Objects-normal/x86_64/cmTryCompileExec3826826778.LinkFileList -v -search_paths_first -headerpad_max_install_names -lSystem /Applications/Xcode.app/Contents/Developer/Toolchains/XcodeDefault.xctoolchain/usr/bin/../lib/clang/4.2/lib/darwin/libclang_rt.osx.a -F/Users/davidcoeurjolly/Sources/DGtal/build-xcode/CMakeFiles/CMakeTmp/Debug
@(#)PROGRAM:ld  PROJECT:ld64-136
configured to support archs: armv6 armv7 armv7s i386 x86_64
Library search paths:
	/Users/davidcoeurjolly/Sources/DGtal/build-xcode/CMakeFiles/CMakeTmp/Debug
	/Applications/Xcode.app/Contents/Developer/Platforms/MacOSX.platform/Developer/SDKs/MacOSX10.8.sdk/usr/lib
Framework search paths:
	/Users/davidcoeurjolly/Sources/DGtal/build-xcode/CMakeFiles/CMakeTmp/Debug
	/Applications/Xcode.app/Contents/Developer/Platforms/MacOSX.platform/Developer/SDKs/MacOSX10.8.sdk/System/Library/Frameworks/

PhaseScriptExecution "CMake PostBuild Rules" CMAKE_TRY_COMPILE.build/Debug/cmTryCompileExec3826826778.build/Script-9A8A74C1A3264B008CA90302.sh
    cd /Users/davidcoeurjolly/Sources/DGtal/build-xcode/CMakeFiles/CMakeTmp
    /bin/sh -c /Users/davidcoeurjolly/Sources/DGtal/build-xcode/CMakeFiles/CMakeTmp/CMAKE_TRY_COMPILE.build/Debug/cmTryCompileExec3826826778.build/Script-9A8A74C1A3264B008CA90302.sh
echo "Depend check for xcode"
Depend check for xcode
cd /Users/davidcoeurjolly/Sources/DGtal/build-xcode/CMakeFiles/CMakeTmp && make -C /Users/davidcoeurjolly/Sources/DGtal/build-xcode/CMakeFiles/CMakeTmp -f /Users/davidcoeurjolly/Sources/DGtal/build-xcode/CMakeFiles/CMakeTmp/CMakeScripts/XCODE_DEPEND_HELPER.make PostBuild.cmTryCompileExec3826826778.Debug
make[1]: Nothing to be done for `PostBuild.cmTryCompileExec3826826778.Debug'.


** BUILD SUCCEEDED **



Parsed C implicit link information from above output:
  link line regex: [^( *|.*[/\])(ld|ld|collect2)[^/\]*( |$)]
  ignore line: [Change Dir: /Users/davidcoeurjolly/Sources/DGtal/build-xcode/CMakeFiles/CMakeTmp]
  ignore line: []
  ignore line: [Run Build Command:/usr/local/Cellar/cmake/2.8.11/bin/cmakexbuild -project CMAKE_TRY_COMPILE.xcodeproj build -target cmTryCompileExec3826826778 -configuration Debug]
  ignore line: [=== BUILD NATIVE TARGET cmTryCompileExec3826826778 OF PROJECT CMAKE_TRY_COMPILE WITH CONFIGURATION Debug ===]
  ignore line: [Check dependencies]
  ignore line: []
  ignore line: [CompileC CMAKE_TRY_COMPILE.build/Debug/cmTryCompileExec3826826778.build/Objects-normal/x86_64/CMakeCCompilerABI.o ../../../../../../../usr/local/Cellar/cmake/2.8.11.2/share/cmake/Modules/CMakeCCompilerABI.c normal x86_64 c com.apple.compilers.llvm.clang.1_0.compiler]
  ignore line: [    cd /Users/davidcoeurjolly/Sources/DGtal/build-xcode/CMakeFiles/CMakeTmp]
  ignore line: [    /Applications/Xcode.app/Contents/Developer/Toolchains/XcodeDefault.xctoolchain/usr/bin/clang -x c -arch x86_64 -fmessage-length=0 -Wno-trigraphs -fpascal-strings -O0 -Wno-missing-field-initializers -Wno-missing-prototypes -Wno-return-type -Wformat -Wno-missing-braces -Wparentheses -Wswitch -Wno-unused-function -Wno-unused-label -Wno-unused-parameter -Wno-unused-variable -Wunused-value -Wno-empty-body -Wno-uninitialized -Wno-unknown-pragmas -Wno-shadow -Wno-four-char-constants -Wno-conversion -Wno-constant-conversion -Wno-int-conversion -Wno-enum-conversion -Wno-shorten-64-to-32 -Wpointer-sign -Wno-newline-eof "-DCMAKE_INTDIR=\"Debug\"" -isysroot /Applications/Xcode.app/Contents/Developer/Platforms/MacOSX.platform/Developer/SDKs/MacOSX10.8.sdk -fasm-blocks -fstrict-aliasing -Wdeprecated-declarations -mmacosx-version-min=10.8 -g -Wno-sign-conversion -I/Users/davidcoeurjolly/Sources/DGtal/build-xcode/CMakeFiles/CMakeTmp/Debug/include -I/Applications/Xcode.app/Contents/Developer/Toolchains/XcodeDefault.xctoolchain/usr/include -I/Applications/Xcode.app/Contents/Developer/Toolchains/XcodeDefault.xctoolchain/usr/include -I/Applications/Xcode.app/Contents/Developer/Toolchains/XcodeDefault.xctoolchain/usr/include -I/Users/davidcoeurjolly/Sources/DGtal/build-xcode/CMakeFiles/CMakeTmp/CMAKE_TRY_COMPILE.build/Debug/cmTryCompileExec3826826778.build/DerivedSources/x86_64 -I/Users/davidcoeurjolly/Sources/DGtal/build-xcode/CMakeFiles/CMakeTmp/CMAKE_TRY_COMPILE.build/Debug/cmTryCompileExec3826826778.build/DerivedSources -Wmost -Wno-four-char-constants -Wno-unknown-pragmas -F/Users/davidcoeurjolly/Sources/DGtal/build-xcode/CMakeFiles/CMakeTmp/Debug -MMD -MT dependencies -MF /Users/davidcoeurjolly/Sources/DGtal/build-xcode/CMakeFiles/CMakeTmp/CMAKE_TRY_COMPILE.build/Debug/cmTryCompileExec3826826778.build/Objects-normal/x86_64/CMakeCCompilerABI.d --serialize-diagnostics /Users/davidcoeurjolly/Sources/DGtal/build-xcode/CMakeFiles/CMakeTmp/CMAKE_TRY_COMPILE.build/Debug/cmTryCompileExec3826826778.build/Objects-normal/x86_64/CMakeCCompilerABI.dia -c /Users/davidcoeurjolly/Sources/DGtal/build-xcode/CMakeFiles/CMakeTmp/../../../../../../../usr/local/Cellar/cmake/2.8.11.2/share/cmake/Modules/CMakeCCompilerABI.c -o /Users/davidcoeurjolly/Sources/DGtal/build-xcode/CMakeFiles/CMakeTmp/CMAKE_TRY_COMPILE.build/Debug/cmTryCompileExec3826826778.build/Objects-normal/x86_64/CMakeCCompilerABI.o]
  ignore line: []
  ignore line: [Ld Debug/cmTryCompileExec3826826778 normal x86_64]
  ignore line: [    cd /Users/davidcoeurjolly/Sources/DGtal/build-xcode/CMakeFiles/CMakeTmp]
  ignore line: [    /Applications/Xcode.app/Contents/Developer/Toolchains/XcodeDefault.xctoolchain/usr/bin/clang -arch x86_64 -isysroot /Applications/Xcode.app/Contents/Developer/Platforms/MacOSX.platform/Developer/SDKs/MacOSX10.8.sdk -L/Users/davidcoeurjolly/Sources/DGtal/build-xcode/CMakeFiles/CMakeTmp/Debug -F/Users/davidcoeurjolly/Sources/DGtal/build-xcode/CMakeFiles/CMakeTmp/Debug -filelist /Users/davidcoeurjolly/Sources/DGtal/build-xcode/CMakeFiles/CMakeTmp/CMAKE_TRY_COMPILE.build/Debug/cmTryCompileExec3826826778.build/Objects-normal/x86_64/cmTryCompileExec3826826778.LinkFileList -mmacosx-version-min=10.8 -v -Wl,-v -Wl,-search_paths_first -Wl,-headerpad_max_install_names -o /Users/davidcoeurjolly/Sources/DGtal/build-xcode/CMakeFiles/CMakeTmp/Debug/cmTryCompileExec3826826778]
  ignore line: [Apple LLVM version 4.2 (clang-425.0.28) (based on LLVM 3.2svn)]
  ignore line: [Target: x86_64-apple-darwin12.4.0]
  ignore line: [Thread model: posix]
  reduced line: [ "/Applications/Xcode.app/Contents/Developer/Toolchains/XcodeDefault.xctoolchain/usr/bin/ld" -demangle -dynamic -arch x86_64 -macosx_version_min 10.8.0 -syslibroot /Applications/Xcode.app/Contents/Developer/Platforms/MacOSX.platform/Developer/SDKs/MacOSX10.8.sdk -o /Users/davidcoeurjolly/Sources/DGtal/build-xcode/CMakeFiles/CMakeTmp/Debug/cmTryCompileExec3826826778 -L/Users/davidcoeurjolly/Sources/DGtal/build-xcode/CMakeFiles/CMakeTmp/Debug -filelist /Users/davidcoeurjolly/Sources/DGtal/build-xcode/CMakeFiles/CMakeTmp/CMAKE_TRY_COMPILE.build/Debug/cmTryCompileExec3826826778.build/Objects-normal/x86_64/cmTryCompileExec3826826778.LinkFileList -v -search_paths_first -headerpad_max_install_names -lSystem /Applications/Xcode.app/Contents/Developer/Toolchains/XcodeDefault.xctoolchain/usr/bin/../lib/clang/4.2/lib/darwin/libclang_rt.osx.a -F/Users/davidcoeurjolly/Sources/DGtal/build-xcode/CMakeFiles/CMakeTmp/Debug]
            to: [ "/Applications/Xcode.app/Contents/Developer/Toolchains/XcodeDefault.xctoolchain/usr/bin/ld" -demangle -dynamic -arch x86_64 -macosx_version_min 10.8.0 -syslibroot /Applications/Xcode.app/Contents/Developer/Platforms/MacOSX.platform/Developer/SDKs/MacOSX10.8.sdk -o /Users/davidcoeurjolly/Sources/DGtal/build-xcode/CMakeFiles/CMakeTmp/Debug/cmTryCompileExec3826826778 -filelist /Users/davidcoeurjolly/Sources/DGtal/build-xcode/CMakeFiles/CMakeTmp/CMAKE_TRY_COMPILE.build/Debug/cmTryCompileExec3826826778.build/Objects-normal/x86_64/cmTryCompileExec3826826778.LinkFileList -v -search_paths_first -headerpad_max_install_names -lSystem /Applications/Xcode.app/Contents/Developer/Toolchains/XcodeDefault.xctoolchain/usr/bin/../lib/clang/4.2/lib/darwin/libclang_rt.osx.a ]
  link line: [ "/Applications/Xcode.app/Contents/Developer/Toolchains/XcodeDefault.xctoolchain/usr/bin/ld" -demangle -dynamic -arch x86_64 -macosx_version_min 10.8.0 -syslibroot /Applications/Xcode.app/Contents/Developer/Platforms/MacOSX.platform/Developer/SDKs/MacOSX10.8.sdk -o /Users/davidcoeurjolly/Sources/DGtal/build-xcode/CMakeFiles/CMakeTmp/Debug/cmTryCompileExec3826826778 -filelist /Users/davidcoeurjolly/Sources/DGtal/build-xcode/CMakeFiles/CMakeTmp/CMAKE_TRY_COMPILE.build/Debug/cmTryCompileExec3826826778.build/Objects-normal/x86_64/cmTryCompileExec3826826778.LinkFileList -v -search_paths_first -headerpad_max_install_names -lSystem /Applications/Xcode.app/Contents/Developer/Toolchains/XcodeDefault.xctoolchain/usr/bin/../lib/clang/4.2/lib/darwin/libclang_rt.osx.a ]
    arg [/Applications/Xcode.app/Contents/Developer/Toolchains/XcodeDefault.xctoolchain/usr/bin/ld] ==> ignore
    arg [-demangle] ==> ignore
    arg [-dynamic] ==> ignore
    arg [-arch] ==> ignore
    arg [x86_64] ==> ignore
    arg [-macosx_version_min] ==> ignore
    arg [10.8.0] ==> ignore
    arg [-syslibroot] ==> ignore
    arg [/Applications/Xcode.app/Contents/Developer/Platforms/MacOSX.platform/Developer/SDKs/MacOSX10.8.sdk] ==> ignore
    arg [-o] ==> ignore
    arg [/Users/davidcoeurjolly/Sources/DGtal/build-xcode/CMakeFiles/CMakeTmp/Debug/cmTryCompileExec3826826778] ==> ignore
    arg [-filelist] ==> ignore
    arg [/Users/davidcoeurjolly/Sources/DGtal/build-xcode/CMakeFiles/CMakeTmp/CMAKE_TRY_COMPILE.build/Debug/cmTryCompileExec3826826778.build/Objects-normal/x86_64/cmTryCompileExec3826826778.LinkFileList] ==> ignore
    arg [-v] ==> ignore
    arg [-search_paths_first] ==> ignore
    arg [-headerpad_max_install_names] ==> ignore
    arg [-lSystem] ==> lib [System]
    arg [/Applications/Xcode.app/Contents/Developer/Toolchains/XcodeDefault.xctoolchain/usr/bin/../lib/clang/4.2/lib/darwin/libclang_rt.osx.a] ==> lib [/Applications/Xcode.app/Contents/Developer/Toolchains/XcodeDefault.xctoolchain/usr/bin/../lib/clang/4.2/lib/darwin/libclang_rt.osx.a]
  Library search paths: [;/Users/davidcoeurjolly/Sources/DGtal/build-xcode/CMakeFiles/CMakeTmp/Debug;/Applications/Xcode.app/Contents/Developer/Platforms/MacOSX.platform/Developer/SDKs/MacOSX10.8.sdk/usr/lib]
  Framework search paths: [;/Users/davidcoeurjolly/Sources/DGtal/build-xcode/CMakeFiles/CMakeTmp/Debug;/Applications/Xcode.app/Contents/Developer/Platforms/MacOSX.platform/Developer/SDKs/MacOSX10.8.sdk/System/Library/Frameworks/]
  remove lib [System]
  collapse lib [/Applications/Xcode.app/Contents/Developer/Toolchains/XcodeDefault.xctoolchain/usr/bin/../lib/clang/4.2/lib/darwin/libclang_rt.osx.a] ==> [/Applications/Xcode.app/Contents/Developer/Toolchains/XcodeDefault.xctoolchain/usr/lib/clang/4.2/lib/darwin/libclang_rt.osx.a]
  collapse library dir [/Users/davidcoeurjolly/Sources/DGtal/build-xcode/CMakeFiles/CMakeTmp/Debug] ==> [/Users/davidcoeurjolly/Sources/DGtal/build-xcode/CMakeFiles/CMakeTmp/Debug], skipping non-system directory
  collapse library dir [/Applications/Xcode.app/Contents/Developer/Platforms/MacOSX.platform/Developer/SDKs/MacOSX10.8.sdk/usr/lib] ==> [/Applications/Xcode.app/Contents/Developer/Platforms/MacOSX.platform/Developer/SDKs/MacOSX10.8.sdk/usr/lib]
  collapse framework dir [/Users/davidcoeurjolly/Sources/DGtal/build-xcode/CMakeFiles/CMakeTmp/Debug] ==> [/Users/davidcoeurjolly/Sources/DGtal/build-xcode/CMakeFiles/CMakeTmp/Debug], skipping non-system directory
  collapse framework dir [/Applications/Xcode.app/Contents/Developer/Platforms/MacOSX.platform/Developer/SDKs/MacOSX10.8.sdk/System/Library/Frameworks/] ==> [/Applications/Xcode.app/Contents/Developer/Platforms/MacOSX.platform/Developer/SDKs/MacOSX10.8.sdk/System/Library/Frameworks]
  implicit libs: [/Applications/Xcode.app/Contents/Developer/Toolchains/XcodeDefault.xctoolchain/usr/lib/clang/4.2/lib/darwin/libclang_rt.osx.a]
  implicit dirs: [/Applications/Xcode.app/Contents/Developer/Platforms/MacOSX.platform/Developer/SDKs/MacOSX10.8.sdk/usr/lib]
  implicit fwks: [/Applications/Xcode.app/Contents/Developer/Platforms/MacOSX.platform/Developer/SDKs/MacOSX10.8.sdk/System/Library/Frameworks]


Determining if the CXX compiler works passed with the following output:
Change Dir: /Users/davidcoeurjolly/Sources/DGtal/build-xcode/CMakeFiles/CMakeTmp

Run Build Command:/usr/local/Cellar/cmake/2.8.11/bin/cmakexbuild -project CMAKE_TRY_COMPILE.xcodeproj build -target cmTryCompileExec3972487107 -configuration Debug
=== BUILD NATIVE TARGET cmTryCompileExec3972487107 OF PROJECT CMAKE_TRY_COMPILE WITH CONFIGURATION Debug ===
Check dependencies

CompileC CMAKE_TRY_COMPILE.build/Debug/cmTryCompileExec3972487107.build/Objects-normal/x86_64/testCXXCompiler.o testCXXCompiler.cxx normal x86_64 c++ com.apple.compilers.llvm.clang.1_0.compiler
    cd /Users/davidcoeurjolly/Sources/DGtal/build-xcode/CMakeFiles/CMakeTmp
    /Applications/Xcode.app/Contents/Developer/Toolchains/XcodeDefault.xctoolchain/usr/bin/clang -x c++ -arch x86_64 -fmessage-length=0 -Wno-trigraphs -fpascal-strings -O0 -Wno-missing-field-initializers -Wno-missing-prototypes -Wno-return-type -Wno-non-virtual-dtor -Wno-overloaded-virtual -Wno-exit-time-destructors -Wformat -Wno-missing-braces -Wparentheses -Wswitch -Wno-unused-function -Wno-unused-label -Wno-unused-parameter -Wno-unused-variable -Wunused-value -Wno-empty-body -Wno-uninitialized -Wno-unknown-pragmas -Wno-shadow -Wno-four-char-constants -Wno-conversion -Wno-constant-conversion -Wno-int-conversion -Wno-enum-conversion -Wno-shorten-64-to-32 -Wno-newline-eof -Wno-c++11-extensions "-DCMAKE_INTDIR=\"Debug\"" -isysroot /Applications/Xcode.app/Contents/Developer/Platforms/MacOSX.platform/Developer/SDKs/MacOSX10.8.sdk -fasm-blocks -fstrict-aliasing -Wdeprecated-declarations -Winvalid-offsetof -mmacosx-version-min=10.8 -Wno-sign-conversion -I/Users/davidcoeurjolly/Sources/DGtal/build-xcode/CMakeFiles/CMakeTmp/Debug/include -I/Applications/Xcode.app/Contents/Developer/Toolchains/XcodeDefault.xctoolchain/usr/include -I/Applications/Xcode.app/Contents/Developer/Toolchains/XcodeDefault.xctoolchain/usr/include -I/Applications/Xcode.app/Contents/Developer/Toolchains/XcodeDefault.xctoolchain/usr/include -I/Users/davidcoeurjolly/Sources/DGtal/build-xcode/CMakeFiles/CMakeTmp/CMAKE_TRY_COMPILE.build/Debug/cmTryCompileExec3972487107.build/DerivedSources/x86_64 -I/Users/davidcoeurjolly/Sources/DGtal/build-xcode/CMakeFiles/CMakeTmp/CMAKE_TRY_COMPILE.build/Debug/cmTryCompileExec3972487107.build/DerivedSources -Wmost -Wno-four-char-constants -Wno-unknown-pragmas -F/Users/davidcoeurjolly/Sources/DGtal/build-xcode/CMakeFiles/CMakeTmp/Debug -g -MMD -MT dependencies -MF /Users/davidcoeurjolly/Sources/DGtal/build-xcode/CMakeFiles/CMakeTmp/CMAKE_TRY_COMPILE.build/Debug/cmTryCompileExec3972487107.build/Objects-normal/x86_64/testCXXCompiler.d --serialize-diagnostics /Users/davidcoeurjolly/Sources/DGtal/build-xcode/CMakeFiles/CMakeTmp/CMAKE_TRY_COMPILE.build/Debug/cmTryCompileExec3972487107.build/Objects-normal/x86_64/testCXXCompiler.dia -c /Users/davidcoeurjolly/Sources/DGtal/build-xcode/CMakeFiles/CMakeTmp/testCXXCompiler.cxx -o /Users/davidcoeurjolly/Sources/DGtal/build-xcode/CMakeFiles/CMakeTmp/CMAKE_TRY_COMPILE.build/Debug/cmTryCompileExec3972487107.build/Objects-normal/x86_64/testCXXCompiler.o

Ld Debug/cmTryCompileExec3972487107 normal x86_64
    cd /Users/davidcoeurjolly/Sources/DGtal/build-xcode/CMakeFiles/CMakeTmp
    /Applications/Xcode.app/Contents/Developer/Toolchains/XcodeDefault.xctoolchain/usr/bin/clang++ -arch x86_64 -isysroot /Applications/Xcode.app/Contents/Developer/Platforms/MacOSX.platform/Developer/SDKs/MacOSX10.8.sdk -L/Users/davidcoeurjolly/Sources/DGtal/build-xcode/CMakeFiles/CMakeTmp/Debug -F/Users/davidcoeurjolly/Sources/DGtal/build-xcode/CMakeFiles/CMakeTmp/Debug -filelist /Users/davidcoeurjolly/Sources/DGtal/build-xcode/CMakeFiles/CMakeTmp/CMAKE_TRY_COMPILE.build/Debug/cmTryCompileExec3972487107.build/Objects-normal/x86_64/cmTryCompileExec3972487107.LinkFileList -mmacosx-version-min=10.8 -Wl,-search_paths_first -Wl,-headerpad_max_install_names -o /Users/davidcoeurjolly/Sources/DGtal/build-xcode/CMakeFiles/CMakeTmp/Debug/cmTryCompileExec3972487107

PhaseScriptExecution "CMake PostBuild Rules" CMAKE_TRY_COMPILE.build/Debug/cmTryCompileExec3972487107.build/Script-89394A94BE5547B58C3F8DE0.sh
    cd /Users/davidcoeurjolly/Sources/DGtal/build-xcode/CMakeFiles/CMakeTmp
    /bin/sh -c /Users/davidcoeurjolly/Sources/DGtal/build-xcode/CMakeFiles/CMakeTmp/CMAKE_TRY_COMPILE.build/Debug/cmTryCompileExec3972487107.build/Script-89394A94BE5547B58C3F8DE0.sh
echo "Depend check for xcode"
Depend check for xcode
cd /Users/davidcoeurjolly/Sources/DGtal/build-xcode/CMakeFiles/CMakeTmp && make -C /Users/davidcoeurjolly/Sources/DGtal/build-xcode/CMakeFiles/CMakeTmp -f /Users/davidcoeurjolly/Sources/DGtal/build-xcode/CMakeFiles/CMakeTmp/CMakeScripts/XCODE_DEPEND_HELPER.make PostBuild.cmTryCompileExec3972487107.Debug
make[1]: Nothing to be done for `PostBuild.cmTryCompileExec3972487107.Debug'.


** BUILD SUCCEEDED **



Detecting CXX compiler ABI info compiled with the following output:
Change Dir: /Users/davidcoeurjolly/Sources/DGtal/build-xcode/CMakeFiles/CMakeTmp

Run Build Command:/usr/local/Cellar/cmake/2.8.11/bin/cmakexbuild -project CMAKE_TRY_COMPILE.xcodeproj build -target cmTryCompileExec3847035432 -configuration Debug
=== BUILD NATIVE TARGET cmTryCompileExec3847035432 OF PROJECT CMAKE_TRY_COMPILE WITH CONFIGURATION Debug ===
Check dependencies

CompileC CMAKE_TRY_COMPILE.build/Debug/cmTryCompileExec3847035432.build/Objects-normal/x86_64/CMakeCXXCompilerABI.o ../../../../../../../usr/local/Cellar/cmake/2.8.11.2/share/cmake/Modules/CMakeCXXCompilerABI.cpp normal x86_64 c++ com.apple.compilers.llvm.clang.1_0.compiler
    cd /Users/davidcoeurjolly/Sources/DGtal/build-xcode/CMakeFiles/CMakeTmp
    /Applications/Xcode.app/Contents/Developer/Toolchains/XcodeDefault.xctoolchain/usr/bin/clang -x c++ -arch x86_64 -fmessage-length=0 -Wno-trigraphs -fpascal-strings -O0 -Wno-missing-field-initializers -Wno-missing-prototypes -Wno-return-type -Wno-non-virtual-dtor -Wno-overloaded-virtual -Wno-exit-time-destructors -Wformat -Wno-missing-braces -Wparentheses -Wswitch -Wno-unused-function -Wno-unused-label -Wno-unused-parameter -Wno-unused-variable -Wunused-value -Wno-empty-body -Wno-uninitialized -Wno-unknown-pragmas -Wno-shadow -Wno-four-char-constants -Wno-conversion -Wno-constant-conversion -Wno-int-conversion -Wno-enum-conversion -Wno-shorten-64-to-32 -Wno-newline-eof -Wno-c++11-extensions "-DCMAKE_INTDIR=\"Debug\"" -isysroot /Applications/Xcode.app/Contents/Developer/Platforms/MacOSX.platform/Developer/SDKs/MacOSX10.8.sdk -fasm-blocks -fstrict-aliasing -Wdeprecated-declarations -Winvalid-offsetof -mmacosx-version-min=10.8 -Wno-sign-conversion -I/Users/davidcoeurjolly/Sources/DGtal/build-xcode/CMakeFiles/CMakeTmp/Debug/include -I/Applications/Xcode.app/Contents/Developer/Toolchains/XcodeDefault.xctoolchain/usr/include -I/Applications/Xcode.app/Contents/Developer/Toolchains/XcodeDefault.xctoolchain/usr/include -I/Applications/Xcode.app/Contents/Developer/Toolchains/XcodeDefault.xctoolchain/usr/include -I/Users/davidcoeurjolly/Sources/DGtal/build-xcode/CMakeFiles/CMakeTmp/CMAKE_TRY_COMPILE.build/Debug/cmTryCompileExec3847035432.build/DerivedSources/x86_64 -I/Users/davidcoeurjolly/Sources/DGtal/build-xcode/CMakeFiles/CMakeTmp/CMAKE_TRY_COMPILE.build/Debug/cmTryCompileExec3847035432.build/DerivedSources -Wmost -Wno-four-char-constants -Wno-unknown-pragmas -F/Users/davidcoeurjolly/Sources/DGtal/build-xcode/CMakeFiles/CMakeTmp/Debug -g -MMD -MT dependencies -MF /Users/davidcoeurjolly/Sources/DGtal/build-xcode/CMakeFiles/CMakeTmp/CMAKE_TRY_COMPILE.build/Debug/cmTryCompileExec3847035432.build/Objects-normal/x86_64/CMakeCXXCompilerABI.d --serialize-diagnostics /Users/davidcoeurjolly/Sources/DGtal/build-xcode/CMakeFiles/CMakeTmp/CMAKE_TRY_COMPILE.build/Debug/cmTryCompileExec3847035432.build/Objects-normal/x86_64/CMakeCXXCompilerABI.dia -c /Users/davidcoeurjolly/Sources/DGtal/build-xcode/CMakeFiles/CMakeTmp/../../../../../../../usr/local/Cellar/cmake/2.8.11.2/share/cmake/Modules/CMakeCXXCompilerABI.cpp -o /Users/davidcoeurjolly/Sources/DGtal/build-xcode/CMakeFiles/CMakeTmp/CMAKE_TRY_COMPILE.build/Debug/cmTryCompileExec3847035432.build/Objects-normal/x86_64/CMakeCXXCompilerABI.o

Ld Debug/cmTryCompileExec3847035432 normal x86_64
    cd /Users/davidcoeurjolly/Sources/DGtal/build-xcode/CMakeFiles/CMakeTmp
    /Applications/Xcode.app/Contents/Developer/Toolchains/XcodeDefault.xctoolchain/usr/bin/clang++ -arch x86_64 -isysroot /Applications/Xcode.app/Contents/Developer/Platforms/MacOSX.platform/Developer/SDKs/MacOSX10.8.sdk -L/Users/davidcoeurjolly/Sources/DGtal/build-xcode/CMakeFiles/CMakeTmp/Debug -F/Users/davidcoeurjolly/Sources/DGtal/build-xcode/CMakeFiles/CMakeTmp/Debug -filelist /Users/davidcoeurjolly/Sources/DGtal/build-xcode/CMakeFiles/CMakeTmp/CMAKE_TRY_COMPILE.build/Debug/cmTryCompileExec3847035432.build/Objects-normal/x86_64/cmTryCompileExec3847035432.LinkFileList -mmacosx-version-min=10.8 -v -Wl,-v -Wl,-search_paths_first -Wl,-headerpad_max_install_names -o /Users/davidcoeurjolly/Sources/DGtal/build-xcode/CMakeFiles/CMakeTmp/Debug/cmTryCompileExec3847035432
Apple LLVM version 4.2 (clang-425.0.28) (based on LLVM 3.2svn)
Target: x86_64-apple-darwin12.4.0
Thread model: posix
 "/Applications/Xcode.app/Contents/Developer/Toolchains/XcodeDefault.xctoolchain/usr/bin/ld" -demangle -dynamic -arch x86_64 -macosx_version_min 10.8.0 -syslibroot /Applications/Xcode.app/Contents/Developer/Platforms/MacOSX.platform/Developer/SDKs/MacOSX10.8.sdk -o /Users/davidcoeurjolly/Sources/DGtal/build-xcode/CMakeFiles/CMakeTmp/Debug/cmTryCompileExec3847035432 -L/Users/davidcoeurjolly/Sources/DGtal/build-xcode/CMakeFiles/CMakeTmp/Debug -filelist /Users/davidcoeurjolly/Sources/DGtal/build-xcode/CMakeFiles/CMakeTmp/CMAKE_TRY_COMPILE.build/Debug/cmTryCompileExec3847035432.build/Objects-normal/x86_64/cmTryCompileExec3847035432.LinkFileList -v -search_paths_first -headerpad_max_install_names -lstdc++ -lSystem /Applications/Xcode.app/Contents/Developer/Toolchains/XcodeDefault.xctoolchain/usr/bin/../lib/clang/4.2/lib/darwin/libclang_rt.osx.a -F/Users/davidcoeurjolly/Sources/DGtal/build-xcode/CMakeFiles/CMakeTmp/Debug
@(#)PROGRAM:ld  PROJECT:ld64-136
configured to support archs: armv6 armv7 armv7s i386 x86_64
Library search paths:
	/Users/davidcoeurjolly/Sources/DGtal/build-xcode/CMakeFiles/CMakeTmp/Debug
	/Applications/Xcode.app/Contents/Developer/Platforms/MacOSX.platform/Developer/SDKs/MacOSX10.8.sdk/usr/lib
Framework search paths:
	/Users/davidcoeurjolly/Sources/DGtal/build-xcode/CMakeFiles/CMakeTmp/Debug
	/Applications/Xcode.app/Contents/Developer/Platforms/MacOSX.platform/Developer/SDKs/MacOSX10.8.sdk/System/Library/Frameworks/

PhaseScriptExecution "CMake PostBuild Rules" CMAKE_TRY_COMPILE.build/Debug/cmTryCompileExec3847035432.build/Script-39C4D450FA474AFC898FDF94.sh
    cd /Users/davidcoeurjolly/Sources/DGtal/build-xcode/CMakeFiles/CMakeTmp
    /bin/sh -c /Users/davidcoeurjolly/Sources/DGtal/build-xcode/CMakeFiles/CMakeTmp/CMAKE_TRY_COMPILE.build/Debug/cmTryCompileExec3847035432.build/Script-39C4D450FA474AFC898FDF94.sh
echo "Depend check for xcode"
Depend check for xcode
cd /Users/davidcoeurjolly/Sources/DGtal/build-xcode/CMakeFiles/CMakeTmp && make -C /Users/davidcoeurjolly/Sources/DGtal/build-xcode/CMakeFiles/CMakeTmp -f /Users/davidcoeurjolly/Sources/DGtal/build-xcode/CMakeFiles/CMakeTmp/CMakeScripts/XCODE_DEPEND_HELPER.make PostBuild.cmTryCompileExec3847035432.Debug
make[1]: Nothing to be done for `PostBuild.cmTryCompileExec3847035432.Debug'.


** BUILD SUCCEEDED **



Parsed CXX implicit link information from above output:
  link line regex: [^( *|.*[/\])(ld|ld|collect2)[^/\]*( |$)]
  ignore line: [Change Dir: /Users/davidcoeurjolly/Sources/DGtal/build-xcode/CMakeFiles/CMakeTmp]
  ignore line: []
  ignore line: [Run Build Command:/usr/local/Cellar/cmake/2.8.11/bin/cmakexbuild -project CMAKE_TRY_COMPILE.xcodeproj build -target cmTryCompileExec3847035432 -configuration Debug]
  ignore line: [=== BUILD NATIVE TARGET cmTryCompileExec3847035432 OF PROJECT CMAKE_TRY_COMPILE WITH CONFIGURATION Debug ===]
  ignore line: [Check dependencies]
  ignore line: []
  ignore line: [CompileC CMAKE_TRY_COMPILE.build/Debug/cmTryCompileExec3847035432.build/Objects-normal/x86_64/CMakeCXXCompilerABI.o ../../../../../../../usr/local/Cellar/cmake/2.8.11.2/share/cmake/Modules/CMakeCXXCompilerABI.cpp normal x86_64 c++ com.apple.compilers.llvm.clang.1_0.compiler]
  ignore line: [    cd /Users/davidcoeurjolly/Sources/DGtal/build-xcode/CMakeFiles/CMakeTmp]
  ignore line: [    /Applications/Xcode.app/Contents/Developer/Toolchains/XcodeDefault.xctoolchain/usr/bin/clang -x c++ -arch x86_64 -fmessage-length=0 -Wno-trigraphs -fpascal-strings -O0 -Wno-missing-field-initializers -Wno-missing-prototypes -Wno-return-type -Wno-non-virtual-dtor -Wno-overloaded-virtual -Wno-exit-time-destructors -Wformat -Wno-missing-braces -Wparentheses -Wswitch -Wno-unused-function -Wno-unused-label -Wno-unused-parameter -Wno-unused-variable -Wunused-value -Wno-empty-body -Wno-uninitialized -Wno-unknown-pragmas -Wno-shadow -Wno-four-char-constants -Wno-conversion -Wno-constant-conversion -Wno-int-conversion -Wno-enum-conversion -Wno-shorten-64-to-32 -Wno-newline-eof -Wno-c++11-extensions "-DCMAKE_INTDIR=\"Debug\"" -isysroot /Applications/Xcode.app/Contents/Developer/Platforms/MacOSX.platform/Developer/SDKs/MacOSX10.8.sdk -fasm-blocks -fstrict-aliasing -Wdeprecated-declarations -Winvalid-offsetof -mmacosx-version-min=10.8 -Wno-sign-conversion -I/Users/davidcoeurjolly/Sources/DGtal/build-xcode/CMakeFiles/CMakeTmp/Debug/include -I/Applications/Xcode.app/Contents/Developer/Toolchains/XcodeDefault.xctoolchain/usr/include -I/Applications/Xcode.app/Contents/Developer/Toolchains/XcodeDefault.xctoolchain/usr/include -I/Applications/Xcode.app/Contents/Developer/Toolchains/XcodeDefault.xctoolchain/usr/include -I/Users/davidcoeurjolly/Sources/DGtal/build-xcode/CMakeFiles/CMakeTmp/CMAKE_TRY_COMPILE.build/Debug/cmTryCompileExec3847035432.build/DerivedSources/x86_64 -I/Users/davidcoeurjolly/Sources/DGtal/build-xcode/CMakeFiles/CMakeTmp/CMAKE_TRY_COMPILE.build/Debug/cmTryCompileExec3847035432.build/DerivedSources -Wmost -Wno-four-char-constants -Wno-unknown-pragmas -F/Users/davidcoeurjolly/Sources/DGtal/build-xcode/CMakeFiles/CMakeTmp/Debug -g -MMD -MT dependencies -MF /Users/davidcoeurjolly/Sources/DGtal/build-xcode/CMakeFiles/CMakeTmp/CMAKE_TRY_COMPILE.build/Debug/cmTryCompileExec3847035432.build/Objects-normal/x86_64/CMakeCXXCompilerABI.d --serialize-diagnostics /Users/davidcoeurjolly/Sources/DGtal/build-xcode/CMakeFiles/CMakeTmp/CMAKE_TRY_COMPILE.build/Debug/cmTryCompileExec3847035432.build/Objects-normal/x86_64/CMakeCXXCompilerABI.dia -c /Users/davidcoeurjolly/Sources/DGtal/build-xcode/CMakeFiles/CMakeTmp/../../../../../../../usr/local/Cellar/cmake/2.8.11.2/share/cmake/Modules/CMakeCXXCompilerABI.cpp -o /Users/davidcoeurjolly/Sources/DGtal/build-xcode/CMakeFiles/CMakeTmp/CMAKE_TRY_COMPILE.build/Debug/cmTryCompileExec3847035432.build/Objects-normal/x86_64/CMakeCXXCompilerABI.o]
  ignore line: []
  ignore line: [Ld Debug/cmTryCompileExec3847035432 normal x86_64]
  ignore line: [    cd /Users/davidcoeurjolly/Sources/DGtal/build-xcode/CMakeFiles/CMakeTmp]
  ignore line: [    /Applications/Xcode.app/Contents/Developer/Toolchains/XcodeDefault.xctoolchain/usr/bin/clang++ -arch x86_64 -isysroot /Applications/Xcode.app/Contents/Developer/Platforms/MacOSX.platform/Developer/SDKs/MacOSX10.8.sdk -L/Users/davidcoeurjolly/Sources/DGtal/build-xcode/CMakeFiles/CMakeTmp/Debug -F/Users/davidcoeurjolly/Sources/DGtal/build-xcode/CMakeFiles/CMakeTmp/Debug -filelist /Users/davidcoeurjolly/Sources/DGtal/build-xcode/CMakeFiles/CMakeTmp/CMAKE_TRY_COMPILE.build/Debug/cmTryCompileExec3847035432.build/Objects-normal/x86_64/cmTryCompileExec3847035432.LinkFileList -mmacosx-version-min=10.8 -v -Wl,-v -Wl,-search_paths_first -Wl,-headerpad_max_install_names -o /Users/davidcoeurjolly/Sources/DGtal/build-xcode/CMakeFiles/CMakeTmp/Debug/cmTryCompileExec3847035432]
  ignore line: [Apple LLVM version 4.2 (clang-425.0.28) (based on LLVM 3.2svn)]
  ignore line: [Target: x86_64-apple-darwin12.4.0]
  ignore line: [Thread model: posix]
  reduced line: [ "/Applications/Xcode.app/Contents/Developer/Toolchains/XcodeDefault.xctoolchain/usr/bin/ld" -demangle -dynamic -arch x86_64 -macosx_version_min 10.8.0 -syslibroot /Applications/Xcode.app/Contents/Developer/Platforms/MacOSX.platform/Developer/SDKs/MacOSX10.8.sdk -o /Users/davidcoeurjolly/Sources/DGtal/build-xcode/CMakeFiles/CMakeTmp/Debug/cmTryCompileExec3847035432 -L/Users/davidcoeurjolly/Sources/DGtal/build-xcode/CMakeFiles/CMakeTmp/Debug -filelist /Users/davidcoeurjolly/Sources/DGtal/build-xcode/CMakeFiles/CMakeTmp/CMAKE_TRY_COMPILE.build/Debug/cmTryCompileExec3847035432.build/Objects-normal/x86_64/cmTryCompileExec3847035432.LinkFileList -v -search_paths_first -headerpad_max_install_names -lstdc++ -lSystem /Applications/Xcode.app/Contents/Developer/Toolchains/XcodeDefault.xctoolchain/usr/bin/../lib/clang/4.2/lib/darwin/libclang_rt.osx.a -F/Users/davidcoeurjolly/Sources/DGtal/build-xcode/CMakeFiles/CMakeTmp/Debug]
            to: [ "/Applications/Xcode.app/Contents/Developer/Toolchains/XcodeDefault.xctoolchain/usr/bin/ld" -demangle -dynamic -arch x86_64 -macosx_version_min 10.8.0 -syslibroot /Applications/Xcode.app/Contents/Developer/Platforms/MacOSX.platform/Developer/SDKs/MacOSX10.8.sdk -o /Users/davidcoeurjolly/Sources/DGtal/build-xcode/CMakeFiles/CMakeTmp/Debug/cmTryCompileExec3847035432 -filelist /Users/davidcoeurjolly/Sources/DGtal/build-xcode/CMakeFiles/CMakeTmp/CMAKE_TRY_COMPILE.build/Debug/cmTryCompileExec3847035432.build/Objects-normal/x86_64/cmTryCompileExec3847035432.LinkFileList -v -search_paths_first -headerpad_max_install_names -lstdc++ -lSystem /Applications/Xcode.app/Contents/Developer/Toolchains/XcodeDefault.xctoolchain/usr/bin/../lib/clang/4.2/lib/darwin/libclang_rt.osx.a ]
  link line: [ "/Applications/Xcode.app/Contents/Developer/Toolchains/XcodeDefault.xctoolchain/usr/bin/ld" -demangle -dynamic -arch x86_64 -macosx_version_min 10.8.0 -syslibroot /Applications/Xcode.app/Contents/Developer/Platforms/MacOSX.platform/Developer/SDKs/MacOSX10.8.sdk -o /Users/davidcoeurjolly/Sources/DGtal/build-xcode/CMakeFiles/CMakeTmp/Debug/cmTryCompileExec3847035432 -filelist /Users/davidcoeurjolly/Sources/DGtal/build-xcode/CMakeFiles/CMakeTmp/CMAKE_TRY_COMPILE.build/Debug/cmTryCompileExec3847035432.build/Objects-normal/x86_64/cmTryCompileExec3847035432.LinkFileList -v -search_paths_first -headerpad_max_install_names -lstdc++ -lSystem /Applications/Xcode.app/Contents/Developer/Toolchains/XcodeDefault.xctoolchain/usr/bin/../lib/clang/4.2/lib/darwin/libclang_rt.osx.a ]
    arg [/Applications/Xcode.app/Contents/Developer/Toolchains/XcodeDefault.xctoolchain/usr/bin/ld] ==> ignore
    arg [-demangle] ==> ignore
    arg [-dynamic] ==> ignore
    arg [-arch] ==> ignore
    arg [x86_64] ==> ignore
    arg [-macosx_version_min] ==> ignore
    arg [10.8.0] ==> ignore
    arg [-syslibroot] ==> ignore
    arg [/Applications/Xcode.app/Contents/Developer/Platforms/MacOSX.platform/Developer/SDKs/MacOSX10.8.sdk] ==> ignore
    arg [-o] ==> ignore
    arg [/Users/davidcoeurjolly/Sources/DGtal/build-xcode/CMakeFiles/CMakeTmp/Debug/cmTryCompileExec3847035432] ==> ignore
    arg [-filelist] ==> ignore
    arg [/Users/davidcoeurjolly/Sources/DGtal/build-xcode/CMakeFiles/CMakeTmp/CMAKE_TRY_COMPILE.build/Debug/cmTryCompileExec3847035432.build/Objects-normal/x86_64/cmTryCompileExec3847035432.LinkFileList] ==> ignore
    arg [-v] ==> ignore
    arg [-search_paths_first] ==> ignore
    arg [-headerpad_max_install_names] ==> ignore
    arg [-lstdc++] ==> lib [stdc++]
    arg [-lSystem] ==> lib [System]
    arg [/Applications/Xcode.app/Contents/Developer/Toolchains/XcodeDefault.xctoolchain/usr/bin/../lib/clang/4.2/lib/darwin/libclang_rt.osx.a] ==> lib [/Applications/Xcode.app/Contents/Developer/Toolchains/XcodeDefault.xctoolchain/usr/bin/../lib/clang/4.2/lib/darwin/libclang_rt.osx.a]
  Library search paths: [;/Users/davidcoeurjolly/Sources/DGtal/build-xcode/CMakeFiles/CMakeTmp/Debug;/Applications/Xcode.app/Contents/Developer/Platforms/MacOSX.platform/Developer/SDKs/MacOSX10.8.sdk/usr/lib]
  Framework search paths: [;/Users/davidcoeurjolly/Sources/DGtal/build-xcode/CMakeFiles/CMakeTmp/Debug;/Applications/Xcode.app/Contents/Developer/Platforms/MacOSX.platform/Developer/SDKs/MacOSX10.8.sdk/System/Library/Frameworks/]
  remove lib [System]
  collapse lib [/Applications/Xcode.app/Contents/Developer/Toolchains/XcodeDefault.xctoolchain/usr/bin/../lib/clang/4.2/lib/darwin/libclang_rt.osx.a] ==> [/Applications/Xcode.app/Contents/Developer/Toolchains/XcodeDefault.xctoolchain/usr/lib/clang/4.2/lib/darwin/libclang_rt.osx.a]
  collapse library dir [/Users/davidcoeurjolly/Sources/DGtal/build-xcode/CMakeFiles/CMakeTmp/Debug] ==> [/Users/davidcoeurjolly/Sources/DGtal/build-xcode/CMakeFiles/CMakeTmp/Debug], skipping non-system directory
  collapse library dir [/Applications/Xcode.app/Contents/Developer/Platforms/MacOSX.platform/Developer/SDKs/MacOSX10.8.sdk/usr/lib] ==> [/Applications/Xcode.app/Contents/Developer/Platforms/MacOSX.platform/Developer/SDKs/MacOSX10.8.sdk/usr/lib]
  collapse framework dir [/Users/davidcoeurjolly/Sources/DGtal/build-xcode/CMakeFiles/CMakeTmp/Debug] ==> [/Users/davidcoeurjolly/Sources/DGtal/build-xcode/CMakeFiles/CMakeTmp/Debug], skipping non-system directory
  collapse framework dir [/Applications/Xcode.app/Contents/Developer/Platforms/MacOSX.platform/Developer/SDKs/MacOSX10.8.sdk/System/Library/Frameworks/] ==> [/Applications/Xcode.app/Contents/Developer/Platforms/MacOSX.platform/Developer/SDKs/MacOSX10.8.sdk/System/Library/Frameworks]
  implicit libs: [stdc++;/Applications/Xcode.app/Contents/Developer/Toolchains/XcodeDefault.xctoolchain/usr/lib/clang/4.2/lib/darwin/libclang_rt.osx.a]
  implicit dirs: [/Applications/Xcode.app/Contents/Developer/Platforms/MacOSX.platform/Developer/SDKs/MacOSX10.8.sdk/usr/lib]
  implicit fwks: [/Applications/Xcode.app/Contents/Developer/Platforms/MacOSX.platform/Developer/SDKs/MacOSX10.8.sdk/System/Library/Frameworks]


